0 info it worked if it ends with ok
1 verbose cli [ '/usr/local/bin/node',
1 verbose cli   '/usr/local/bin/npm',
1 verbose cli   'run',
1 verbose cli   'build-prod' ]
2 info using npm@3.10.9
3 info using node@v4.5.0
4 verbose stack Error: Failed to parse json
4 verbose stack Unexpected token ' ' at 9:38
4 verbose stack     "build-prod": "build-production": "webpack -p --define process.env.NODE_ENV
4 verbose stack                                      ^
4 verbose stack     at parseError (/usr/local/lib/node_modules/npm/node_modules/read-package-json/read-json.js:390:11)
4 verbose stack     at parseJson (/usr/local/lib/node_modules/npm/node_modules/read-package-json/read-json.js:79:23)
4 verbose stack     at /usr/local/lib/node_modules/npm/node_modules/read-package-json/read-json.js:48:5
4 verbose stack     at /usr/local/lib/node_modules/npm/node_modules/graceful-fs/graceful-fs.js:78:16
4 verbose stack     at FSReqWrap.readFileAfterClose [as oncomplete] (fs.js:380:3)
5 verbose cwd /Users/anthonyaltieri/Documents/CrowdConnect/App/ReactReduxSCHOLAR
6 error Darwin 15.3.0
7 error argv "/usr/local/bin/node" "/usr/local/bin/npm" "run" "build-prod"
8 error node v4.5.0
9 error npm  v3.10.9
10 error file /Users/anthonyaltieri/Documents/CrowdConnect/App/ReactReduxSCHOLAR/package.json
11 error code EJSONPARSE
12 error Failed to parse json
12 error Unexpected token ' ' at 9:38
12 error     "build-prod": "build-production": "webpack -p --define process.env.NODE_ENV
12 error                                      ^
13 error File: /Users/anthonyaltieri/Documents/CrowdConnect/App/ReactReduxSCHOLAR/package.json
14 error Failed to parse package.json data.
14 error package.json must be actual JSON, not just JavaScript.
14 error
14 error This is not a bug in npm.
14 error Tell the package author to fix their package.json file. JSON.parse
15 verbose exit [ 1, true ]
